This is XeTeX, Version 3.14159265-2.6-0.99998 (TeX Live 2017/Arch Linux) (preloaded format=xelatex 2017.8.10)  24 SEP 2017 10:16
entering extended mode
 restricted \write18 enabled.
 %&-line parsing enabled.
**cv.tex
(./cv.tex
LaTeX2e <2017-04-15>
Babel <3.12> and hyphenation patterns for 84 language(s) loaded.
(/usr/share/texmf-dist/tex/latex/base/article.cls
Document Class: article 2014/09/29 v1.4h Standard LaTeX document class
(/usr/share/texmf-dist/tex/latex/base/size10.clo
File: size10.clo 2014/09/29 v1.4h Standard LaTeX file (size option)
)
\c@part=\count79
\c@section=\count80
\c@subsection=\count81
\c@subsubsection=\count82
\c@paragraph=\count83
\c@subparagraph=\count84
\c@figure=\count85
\c@table=\count86
\abovecaptionskip=\skip41
\belowcaptionskip=\skip42
\bibindent=\dimen102
)
(/usr/share/texmf-dist/tex/latex/fontspec/fontspec.sty
(/usr/share/texmf-dist/tex/latex/l3kernel/expl3.sty
Package: expl3 2017/07/19 L3 programming layer (loader) 

(/usr/share/texmf-dist/tex/latex/l3kernel/expl3-code.tex
Package: expl3 2017/07/19 L3 programming layer (code)
\c_max_int=\count87
\l_tmpa_int=\count88
\l_tmpb_int=\count89
\g_tmpa_int=\count90
\g_tmpb_int=\count91
\g__intarray_font_int=\count92
\g__prg_map_int=\count93
\c_log_iow=\count94
\l_iow_line_count_int=\count95
\l__iow_line_target_int=\count96
\l__iow_one_indent_int=\count97
\l__iow_indent_int=\count98
\c_zero_dim=\dimen103
\c_max_dim=\dimen104
\l_tmpa_dim=\dimen105
\l_tmpb_dim=\dimen106
\g_tmpa_dim=\dimen107
\g_tmpb_dim=\dimen108
\c_zero_skip=\skip43
\c_max_skip=\skip44
\l_tmpa_skip=\skip45
\l_tmpb_skip=\skip46
\g_tmpa_skip=\skip47
\g_tmpb_skip=\skip48
\c_zero_muskip=\muskip10
\c_max_muskip=\muskip11
\l_tmpa_muskip=\muskip12
\l_tmpb_muskip=\muskip13
\g_tmpa_muskip=\muskip14
\g_tmpb_muskip=\muskip15
\l_keys_choice_int=\count99
\c__fp_leading_shift_int=\count100
\c__fp_middle_shift_int=\count101
\c__fp_trailing_shift_int=\count102
\c__fp_big_leading_shift_int=\count103
\c__fp_big_middle_shift_int=\count104
\c__fp_big_trailing_shift_int=\count105
\c__fp_Bigg_leading_shift_int=\count106
\c__fp_Bigg_middle_shift_int=\count107
\c__fp_Bigg_trailing_shift_int=\count108
\l__sort_length_int=\count109
\l__sort_min_int=\count110
\l__sort_top_int=\count111
\l__sort_max_int=\count112
\l__sort_true_max_int=\count113
\l__sort_block_int=\count114
\l__sort_begin_int=\count115
\l__sort_end_int=\count116
\l__sort_A_int=\count117
\l__sort_B_int=\count118
\l__sort_C_int=\count119
\l__tl_build_start_index_int=\count120
\l__tl_build_index_int=\count121
\l__tl_analysis_normal_int=\count122
\l__tl_analysis_index_int=\count123
\l__tl_analysis_nesting_int=\count124
\l__tl_analysis_type_int=\count125
\l__regex_internal_a_int=\count126
\l__regex_internal_b_int=\count127
\l__regex_internal_c_int=\count128
\l__regex_balance_int=\count129
\l__regex_group_level_int=\count130
\l__regex_mode_int=\count131
\c__regex_cs_in_class_mode_int=\count132
\c__regex_cs_mode_int=\count133
\l__regex_catcodes_int=\count134
\l__regex_default_catcodes_int=\count135
\c__regex_catcode_L_int=\count136
\c__regex_catcode_O_int=\count137
\c__regex_catcode_A_int=\count138
\c__regex_all_catcodes_int=\count139
\l__regex_show_lines_int=\count140
\l__regex_min_state_int=\count141
\l__regex_max_state_int=\count142
\l__regex_left_state_int=\count143
\l__regex_right_state_int=\count144
\l__regex_capturing_group_int=\count145
\l__regex_min_pos_int=\count146
\l__regex_max_pos_int=\count147
\l__regex_curr_pos_int=\count148
\l__regex_start_pos_int=\count149
\l__regex_success_pos_int=\count150
\l__regex_curr_char_int=\count151
\l__regex_curr_catcode_int=\count152
\l__regex_last_char_int=\count153
\l__regex_case_changed_char_int=\count154
\l__regex_curr_state_int=\count155
\l__regex_step_int=\count156
\l__regex_min_active_int=\count157
\l__regex_max_active_int=\count158
\l__regex_replacement_csnames_int=\count159
\l__regex_match_count_int=\count160
\l__regex_min_submatch_int=\count161
\l__regex_submatch_int=\count162
\l__regex_zeroth_submatch_int=\count163
\g__debug_trace_regex_int=\count164
\c_empty_box=\box26
\l_tmpa_box=\box27
\l_tmpb_box=\box28
\g_tmpa_box=\box29
\g_tmpb_box=\box30
\l__box_top_dim=\dimen109
\l__box_bottom_dim=\dimen110
\l__box_left_dim=\dimen111
\l__box_right_dim=\dimen112
\l__box_top_new_dim=\dimen113
\l__box_bottom_new_dim=\dimen114
\l__box_left_new_dim=\dimen115
\l__box_right_new_dim=\dimen116
\l__box_internal_box=\box31
\l__coffin_internal_box=\box32
\l__coffin_internal_dim=\dimen117
\l__coffin_offset_x_dim=\dimen118
\l__coffin_offset_y_dim=\dimen119
\l__coffin_x_dim=\dimen120
\l__coffin_y_dim=\dimen121
\l__coffin_x_prime_dim=\dimen122
\l__coffin_y_prime_dim=\dimen123
\c_empty_coffin=\box33
\l__coffin_aligned_coffin=\box34
\l__coffin_aligned_internal_coffin=\box35
\l_tmpa_coffin=\box36
\l_tmpb_coffin=\box37
\l__coffin_display_coffin=\box38
\l__coffin_display_coord_coffin=\box39
\l__coffin_display_pole_coffin=\box40
\l__coffin_display_offset_dim=\dimen124
\l__coffin_display_x_dim=\dimen125
\l__coffin_display_y_dim=\dimen126
\l__coffin_bounding_shift_dim=\dimen127
\l__coffin_left_corner_dim=\dimen128
\l__coffin_right_corner_dim=\dimen129
\l__coffin_bottom_corner_dim=\dimen130
\l__coffin_top_corner_dim=\dimen131
\l__coffin_scaled_total_height_dim=\dimen132
\l__coffin_scaled_width_dim=\dimen133
)
(/usr/share/texmf-dist/tex/latex/l3kernel/l3xdvipdfmx.def
File: l3xdvidpfmx.def 2017/03/18 v L3 Experimental driver: xdvipdfmx
\g__driver_image_int=\count165
\l__driver_tmp_box=\box41
))
(/usr/share/texmf-dist/tex/latex/l3packages/xparse/xparse.sty
Package: xparse 2017/07/19 L3 Experimental document command parser
\l__xparse_current_arg_int=\count166
\g__xparse_grabber_int=\count167
\l__xparse_m_args_int=\count168
\l__xparse_mandatory_args_int=\count169
\l__xparse_v_nesting_int=\count170
)
Package: fontspec 2017/07/23 v2.6c Font selection for XeLaTeX and LuaLaTeX

(/usr/share/texmf-dist/tex/latex/fontspec/fontspec-xetex.sty
Package: fontspec-xetex 2017/07/23 v2.6c Font selection for XeLaTeX and LuaLaTe
X
\l__fontspec_script_int=\count171
\l__fontspec_language_int=\count172
\l__fontspec_strnum_int=\count173
\l__fontspec_tmp_int=\count174
\l__fontspec_em_int=\count175
\l__fontspec_emdef_int=\count176
\l__fontspec_strong_int=\count177
\l__fontspec_strongdef_int=\count178
\l__fontspec_tmpa_dim=\dimen134
\l__fontspec_tmpb_dim=\dimen135
\l__fontspec_tmpc_dim=\dimen136
\g__file_internal_ior=\read1

(/usr/share/texmf-dist/tex/latex/base/fontenc.sty
Package: fontenc 2017/04/05 v2.0i Standard LaTeX package

(/usr/share/texmf-dist/tex/latex/base/tuenc.def
File: tuenc.def 2017/04/05 v2.0i Standard LaTeX file
LaTeX Font Info:    Redeclaring font encoding TU on input line 82.
))
.................................................
. LaTeX info: "xparse/define-command"
. 
. Defining command \fontspec with sig. 'O{}mO{}' on line 474.
.................................................
.................................................
. LaTeX info: "xparse/define-command"
. 
. Defining command \setmainfont with sig. 'O{}mO{}' on line 485.
.................................................
.................................................
. LaTeX info: "xparse/define-command"
. 
. Defining command \setsansfont with sig. 'O{}mO{}' on line 505.
.................................................
.................................................
. LaTeX info: "xparse/define-command"
. 
. Defining command \setmonofont with sig. 'O{}mO{}' on line 525.
.................................................
.................................................
. LaTeX info: "xparse/define-command"
. 
. Defining command \setromanfont with sig. 'O{}mO{}' on line 545.
.................................................
.................................................
. LaTeX info: "xparse/define-command"
. 
. Defining command \setmathrm with sig. 'O{}mO{}' on line 549.
.................................................
.................................................
. LaTeX info: "xparse/define-command"
. 
. Defining command \setboldmathrm with sig. 'O{}mO{}' on line 557.
.................................................
.................................................
. LaTeX info: "xparse/define-command"
. 
. Defining command \setmathsf with sig. 'O{}mO{}' on line 565.
.................................................
.................................................
. LaTeX info: "xparse/define-command"
. 
. Defining command \setmathtt with sig. 'O{}mO{}' on line 573.
.................................................
.................................................
. LaTeX info: "xparse/define-command"
. 
. Defining command \newfontfamily with sig. 'mO{}mO{}' on line 588.
.................................................
.................................................
. LaTeX info: "xparse/define-command"
. 
. Defining command \newfontface with sig. 'mO{}mO{}' on line 605.
.................................................
.................................................
. LaTeX info: "xparse/define-command"
. 
. Defining command \defaultfontfeatures with sig. 't+om' on line 616.
.................................................
.................................................
. LaTeX info: "xparse/define-command"
. 
. Defining command \addfontfeatures with sig. 'm' on line 647.
.................................................
.................................................
. LaTeX info: "xparse/define-command"
. 
. Defining command \newfontfeature with sig. 'mm' on line 674.
.................................................
.................................................
. LaTeX info: "xparse/define-command"
. 
. Defining command \newAATfeature with sig. 'mmmm' on line 688.
.................................................
.................................................
. LaTeX info: "xparse/define-command"
. 
. Defining command \newopentypefeature with sig. 'mmm' on line 702.
.................................................
.................................................
. LaTeX info: "xparse/define-command"
. 
. Defining command \newICUfeature with sig. 'mmm' on line 722.
.................................................
.................................................
. LaTeX info: "xparse/define-command"
. 
. Defining command \aliasfontfeature with sig. 'mm' on line 726.
.................................................
.................................................
. LaTeX info: "xparse/define-command"
. 
. Defining command \aliasfontfeatureoption with sig. 'mmm' on line 747.
.................................................
.................................................
. LaTeX info: "xparse/define-command"
. 
. Defining command \newfontscript with sig. 'mm' on line 780.
.................................................
.................................................
. LaTeX info: "xparse/define-command"
. 
. Defining command \newfontlanguage with sig. 'mm' on line 784.
.................................................
.................................................
. LaTeX info: "xparse/define-command"
. 
. Defining command \DeclareFontsExtensions with sig. 'm' on line 788.
.................................................
.................................................
. LaTeX info: "xparse/define-command"
. 
. Defining command \IfFontFeatureActiveTF with sig. 'mmm' on line 799.
.................................................
.................................................
. LaTeX info: "xparse/define-command"
. 
. Defining command \EncodingCommand with sig. 'mO{}m' on line 3462.
.................................................
.................................................
. LaTeX info: "xparse/define-command"
. 
. Defining command \EncodingAccent with sig. 'mm' on line 3468.
.................................................
.................................................
. LaTeX info: "xparse/define-command"
. 
. Defining command \EncodingSymbol with sig. 'mm' on line 3474.
.................................................
.................................................
. LaTeX info: "xparse/define-command"
. 
. Defining command \EncodingComposite with sig. 'mmm' on line 3480.
.................................................
.................................................
. LaTeX info: "xparse/define-command"
. 
. Defining command \EncodingCompositeCommand with sig. 'mmm' on line 3486.
.................................................
.................................................
. LaTeX info: "xparse/define-command"
. 
. Defining command \DeclareUnicodeEncoding with sig. 'mm' on line 3511.
.................................................
.................................................
. LaTeX info: "xparse/define-command"
. 
. Defining command \UndeclareSymbol with sig. 'm' on line 3517.
.................................................
.................................................
. LaTeX info: "xparse/define-command"
. 
. Defining command \UndeclareComposite with sig. 'mm' on line 3525.
.................................................

(/usr/share/texmf-dist/tex/latex/fontspec/fontspec.cfg)
LaTeX Info: Redefining \itshape on input line 3710.
LaTeX Info: Redefining \slshape on input line 3715.
LaTeX Info: Redefining \scshape on input line 3720.
LaTeX Info: Redefining \upshape on input line 3725.
LaTeX Info: Redefining \em on input line 3755.
LaTeX Info: Redefining \emph on input line 3780.
LaTeX Info: Redefining \- on input line 3831.
.................................................
. LaTeX info: "xparse/redefine-command"
. 
. Redefining command \oldstylenums with sig. 'm' on line 3926.
.................................................
.................................................
. LaTeX info: "xparse/define-command"
. 
. Defining command \liningnums with sig. 'm' on line 3930.
.................................................
))
\g__fontspec_family_Fontin_int=\count179
.................................................
. fontspec info: "defining-font"
. 
. Font family 'Fontin(0)' created for font 'Fontin' with options
. [Mapping=tex-text,Ligatures=TeX,Path = ./fonts/,UprightFont =
. *-Regular,SmallCapsFont = *-SmallCaps,ItalicFont = *-Italic,BoldFont =
. *-Bold].
.  
.  This font family consists of the following NFSS series/shapes:
.  
. - 'normal' (m/n) with NFSS spec.:
. <->"[./fonts/Fontin-Regular]/OT:script=latn;language=DFLT;mapping=tex-text;"
. - 'small caps'  (m/sc) with NFSS spec.:
. <->"[./fonts/Fontin-SmallCaps]/OT:script=latn;language=DFLT;mapping=tex-text;
"
. - 'bold' (bx/n) with NFSS spec.:
. <->"[./fonts/Fontin-Bold]/OT:script=latn;language=DFLT;mapping=tex-text;"
. - 'bold small caps'  (bx/sc) with NFSS spec.:
. <->"[./fonts/Fontin-SmallCaps]/OT:script=latn;language=DFLT;mapping=tex-text;
"
. - 'italic' (m/it) with NFSS spec.:
. <->"[./fonts/Fontin-Italic]/OT:script=latn;language=DFLT;mapping=tex-text;"
. - 'italic small caps'  (m/itsc) with NFSS spec.:
. <->"[./fonts/Fontin-SmallCaps]/OT:script=latn;language=DFLT;mapping=tex-text;
"
.................................................
LaTeX Info: Redefining \rmfamily on input line 35.

(/usr/share/texmf-dist/tex/xelatex/xunicode/xunicode.sty
File: xunicode.sty 2011/09/09 v0.981 provides access to latin accents and many 
other characters in Unicode lower plane

(/usr/share/texmf-dist/tex/latex/tipa/t3enc.def
File: t3enc.def 2001/12/31 T3 encoding
LaTeX Font Info:    Font shape `TU/Fontin(0)/m/sl' in size <10> not available
(Font)              Font shape `TU/Fontin(0)/m/it' tried instead on input line 
316.
)
\tipaTiiicode=\count180
\tipasavetokens=\toks14
\tipachecktokens=\toks15

(/usr/share/texmf-dist/tex/latex/graphics/graphicx.sty
Package: graphicx 2017/06/01 v1.1a Enhanced LaTeX Graphics (DPC,SPQR)

(/usr/share/texmf-dist/tex/latex/graphics/keyval.sty
Package: keyval 2014/10/28 v1.15 key=value parser (DPC)
\KV@toks@=\toks16
)
(/usr/share/texmf-dist/tex/latex/graphics/graphics.sty
Package: graphics 2017/06/25 v1.2c Standard LaTeX Graphics (DPC,SPQR)

(/usr/share/texmf-dist/tex/latex/graphics/trig.sty
Package: trig 2016/01/03 v1.10 sin cos tan (DPC)
)
(/usr/share/texmf-dist/tex/latex/graphics-cfg/graphics.cfg
File: graphics.cfg 2016/06/04 v1.11 sample graphics configuration
)
Package graphics Info: Driver file: xetex.def on input line 99.

(/usr/share/texmf-dist/tex/latex/graphics-def/xetex.def
File: xetex.def 2017/06/24 v5.0h Graphics/color driver for xetex
))
\Gin@req@height=\dimen137
\Gin@req@width=\dimen138
))
(/usr/share/texmf-dist/tex/latex/xltxtra/xltxtra.sty
Package: xltxtra 2016/01/21 v0.6 Improvements for the "XeLaTeX" format

(/usr/share/texmf-dist/tex/generic/oberdiek/ifluatex.sty
Package: ifluatex 2016/05/16 v1.4 Provides the ifluatex switch (HO)
Package ifluatex Info: LuaTeX not detected.
)
(/usr/share/texmf-dist/tex/generic/ifxetex/ifxetex.sty
Package: ifxetex 2010/09/12 v0.6 Provides ifxetex conditional
)
(/usr/share/texmf-dist/tex/latex/realscripts/realscripts.sty
Package: realscripts 2016/02/13 v0.3d Access OpenType subscripts and superscrip
ts
.................................................
. LaTeX info: "xparse/define-command"
. 
. Defining command \fakesubscript with sig. 'm' on line 19.
.................................................
.................................................
. LaTeX info: "xparse/define-command"
. 
. Defining command \fakesuperscript with sig. 'm' on line 22.
.................................................
.................................................
. LaTeX info: "xparse/redefine-command"
. 
. Redefining command \textsubscript with sig. 's' on line 25.
.................................................
.................................................
. LaTeX info: "xparse/redefine-command"
. 
. Redefining command \textsuperscript with sig. 's' on line 28.
.................................................
.................................................
. LaTeX info: "xparse/define-command"
. 
. Defining command \realsubscript with sig. 'm' on line 45.
.................................................
.................................................
. LaTeX info: "xparse/define-command"
. 
. Defining command \realsuperscript with sig. 'm' on line 60.
.................................................
.................................................
. LaTeX info: "xparse/define-command"
. 
. Defining command \textsubsuperscript with sig. 'sO{l}mm' on line 138.
.................................................
.................................................
. LaTeX info: "xparse/define-command"
. 
. Defining command \textsupersubscript with sig. 'sO{l}mm' on line 143.
.................................................
\subsupersep=\dimen139
)
(/usr/share/texmf-dist/tex/latex/metalogo/metalogo.sty
Package: metalogo 2010/05/29 v0.12 Extended TeX logo macros
\xl@everylogo=\toks17
\xl@@everylogo=\toks18
LaTeX Info: Redefining \TeX on input line 193.
LaTeX Info: Redefining \LaTeX on input line 202.
LaTeX Info: Redefining \LaTeXe on input line 219.
)
\l__xetex_show_hyphens_wrapping_box=\box42
\l__xetex_show_hyphens_temp_box=\box43
\l__xetex_show_hyphens_final_box=\box44
\g__xetex_show_hyphens_word_box=\box45
)
(/usr/share/texmf-dist/tex/latex/url/url.sty
\Urlmuskip=\muskip16
Package: url 2013/09/16  ver 3.4  Verb mode for urls, etc.
)
(/usr/share/texmf-dist/tex/latex/parskip/parskip.sty
Package: parskip 2001/04/09 non-zero parskip adjustments
)
(/usr/share/texmf-dist/tex/latex/xcolor/xcolor.sty
Package: xcolor 2016/05/11 v2.12 LaTeX color extensions (UK)

(/usr/share/texmf-dist/tex/latex/graphics-cfg/color.cfg
File: color.cfg 2016/01/02 v1.6 sample color configuration
)
Package xcolor Info: Package option `usenames' ignored on input line 216.
Package xcolor Info: Driver file: xetex.def on input line 225.
Package xcolor Info: Model `cmy' substituted by `cmy0' on input line 1348.
Package xcolor Info: Model `RGB' extended on input line 1364.
Package xcolor Info: Model `HTML' substituted by `rgb' on input line 1366.
Package xcolor Info: Model `Hsb' substituted by `hsb' on input line 1367.
Package xcolor Info: Model `tHsb' substituted by `hsb' on input line 1368.
Package xcolor Info: Model `HSB' substituted by `hsb' on input line 1369.
Package xcolor Info: Model `Gray' substituted by `gray' on input line 1370.
Package xcolor Info: Model `wave' substituted by `hsb' on input line 1371.

(/usr/share/texmf-dist/tex/latex/graphics/dvipsnam.def
File: dvipsnam.def 2016/06/17 v3.0m Driver-dependent file (DPC,SPQR)
))
(/usr/share/texmf-dist/tex/latex/preprint/fullpage.sty
Package: fullpage 1999/02/23 1.1 (PWD)
\FP@margin=\skip49
)
(/usr/share/texmf-dist/tex/latex/hyperref/hyperref.sty
Package: hyperref 2017/03/14 v6.85a Hypertext links for LaTeX

(/usr/share/texmf-dist/tex/generic/oberdiek/hobsub-hyperref.sty
Package: hobsub-hyperref 2016/05/16 v1.14 Bundle oberdiek, subset hyperref (HO)


(/usr/share/texmf-dist/tex/generic/oberdiek/hobsub-generic.sty
Package: hobsub-generic 2016/05/16 v1.14 Bundle oberdiek, subset generic (HO)
Package: hobsub 2016/05/16 v1.14 Construct package bundles (HO)
Package: infwarerr 2016/05/16 v1.4 Providing info/warning/error messages (HO)
Package: ltxcmds 2016/05/16 v1.23 LaTeX kernel commands for general use (HO)
Package hobsub Info: Skipping package `ifluatex' (already loaded).
Package: ifvtex 2016/05/16 v1.6 Detect VTeX and its facilities (HO)
Package ifvtex Info: VTeX not detected.
Package: intcalc 2016/05/16 v1.2 Expandable calculations with integers (HO)
Package: ifpdf 2017/03/15 v3.2 Provides the ifpdf switch
Package: etexcmds 2016/05/16 v1.6 Avoid name clashes with e-TeX commands (HO)
Package etexcmds Info: Could not find \expanded.
(etexcmds)             That can mean that you are not using pdfTeX 1.50 or
(etexcmds)             that some package has redefined \expanded.
(etexcmds)             In the latter case, load this package earlier.
Package: kvsetkeys 2016/05/16 v1.17 Key value parser (HO)
Package: kvdefinekeys 2016/05/16 v1.4 Define keys (HO)
Package: pdftexcmds 2017/03/19 v0.25 Utility functions of pdfTeX for LuaTeX (HO
)
Package pdftexcmds Info: LuaTeX not detected.
Package pdftexcmds Info: pdfTeX >= 1.30 not detected.
Package pdftexcmds Info: \pdf@primitive is available.
Package pdftexcmds Info: \pdf@ifprimitive is available.
Package pdftexcmds Info: \pdfdraftmode not found.
Package: pdfescape 2016/05/16 v1.14 Implements pdfTeX's escape features (HO)
Package: bigintcalc 2016/05/16 v1.4 Expandable calculations on big integers (HO
)
Package: bitset 2016/05/16 v1.2 Handle bit-vector datatype (HO)
Package: uniquecounter 2016/05/16 v1.3 Provide unlimited unique counter (HO)
)
Package hobsub Info: Skipping package `hobsub' (already loaded).
Package: letltxmacro 2016/05/16 v1.5 Let assignment for LaTeX macros (HO)
Package: hopatch 2016/05/16 v1.3 Wrapper for package hooks (HO)
Package: xcolor-patch 2016/05/16 xcolor patch
Package: atveryend 2016/05/16 v1.9 Hooks at the very end of document (HO)
Package atveryend Info: \enddocument detected (standard20110627).
Package: atbegshi 2016/06/09 v1.18 At begin shipout hook (HO)
Package: refcount 2016/05/16 v3.5 Data extraction from label references (HO)
Package: hycolor 2016/05/16 v1.8 Color options for hyperref/bookmark (HO)
)
(/usr/share/texmf-dist/tex/latex/oberdiek/auxhook.sty
Package: auxhook 2016/05/16 v1.4 Hooks for auxiliary files (HO)
)
(/usr/share/texmf-dist/tex/latex/oberdiek/kvoptions.sty
Package: kvoptions 2016/05/16 v3.12 Key value format for package options (HO)
)
\@linkdim=\dimen140
\Hy@linkcounter=\count181
\Hy@pagecounter=\count182

(/usr/share/texmf-dist/tex/latex/hyperref/pd1enc.def
File: pd1enc.def 2017/03/14 v6.85a Hyperref: PDFDocEncoding definition (HO)
)
\Hy@SavedSpaceFactor=\count183

(/usr/share/texmf-dist/tex/latex/latexconfig/hyperref.cfg
File: hyperref.cfg 2002/06/06 v1.2 hyperref configuration of TeXLive
)
Package hyperref Info: Hyper figures OFF on input line 4498.
Package hyperref Info: Link nesting OFF on input line 4503.
Package hyperref Info: Hyper index ON on input line 4506.
Package hyperref Info: Plain pages OFF on input line 4513.
Package hyperref Info: Backreferencing OFF on input line 4518.
Package hyperref Info: Implicit mode ON; LaTeX internals redefined.
Package hyperref Info: Bookmarks ON on input line 4751.
\c@Hy@tempcnt=\count184
LaTeX Info: Redefining \url on input line 5104.
\XeTeXLinkMargin=\dimen141
\Fld@menulength=\count185
\Field@Width=\dimen142
\Fld@charsize=\dimen143
Package hyperref Info: Hyper figures OFF on input line 6358.
Package hyperref Info: Link nesting OFF on input line 6363.
Package hyperref Info: Hyper index ON on input line 6366.
Package hyperref Info: backreferencing OFF on input line 6373.
Package hyperref Info: Link coloring OFF on input line 6378.
Package hyperref Info: Link coloring with OCG OFF on input line 6383.
Package hyperref Info: PDF/A mode OFF on input line 6388.
LaTeX Info: Redefining \ref on input line 6428.
LaTeX Info: Redefining \pageref on input line 6432.
\Hy@abspage=\count186
\c@Item=\count187
\c@Hfootnote=\count188
)

Package hyperref Message: Driver (autodetected): hxetex.

(/usr/share/texmf-dist/tex/latex/hyperref/hxetex.def
File: hxetex.def 2017/03/14 v6.85a Hyperref driver for XeTeX

(/usr/share/texmf-dist/tex/latex/hyperref/puenc.def
File: puenc.def 2017/03/14 v6.85a Hyperref: PDF Unicode definition (HO)
)
(/usr/share/texmf-dist/tex/generic/oberdiek/stringenc.sty
Package: stringenc 2016/05/16 v1.11 Convert strings between diff. encodings (HO
)
)
\pdfm@box=\box46
\c@Hy@AnnotLevel=\count189
\HyField@AnnotCount=\count190
\Fld@listcount=\count191
\c@bookmark@seq@number=\count192

(/usr/share/texmf-dist/tex/latex/oberdiek/rerunfilecheck.sty
Package: rerunfilecheck 2016/05/16 v1.8 Rerun checks for auxiliary files (HO)
Package rerunfilecheck Info: Feature \pdfmdfivesum is not available
(rerunfilecheck)             (e.g. pdfTeX or LuaTeX with package `pdftexcmds').

(rerunfilecheck)             Therefore file contents cannot be checked efficien
tly
(rerunfilecheck)             and the loading of the package is aborted.
)
\Hy@SectionHShift=\skip50
)
Package hyperref Info: Option `colorlinks' set `true' on input line 47.
Package hyperref Info: Option `breaklinks' set `true' on input line 47.

(/usr/share/texmf-dist/tex/latex/titlesec/titlesec.sty
Package: titlesec 2016/03/21 v2.10.2 Sectioning titles
\ttl@box=\box47
\beforetitleunit=\skip51
\aftertitleunit=\skip52
\ttl@plus=\dimen144
\ttl@minus=\dimen145
\ttl@toksa=\toks19
\titlewidth=\dimen146
\titlewidthlast=\dimen147
\titlewidthfirst=\dimen148
)
(/usr/share/texmf-dist/tex/latex/tools/array.sty
Package: array 2016/10/06 v2.4d Tabular extension package (FMi)
\col@sep=\dimen149
\extrarowheight=\dimen150
\NC@list=\toks20
\extratabsurround=\skip53
\backup@length=\skip54
) (./cv.aux)
\openout1 = `cv.aux'.

LaTeX Font Info:    Checking defaults for OML/cmm/m/it on input line 57.
LaTeX Font Info:    ... okay on input line 57.
LaTeX Font Info:    Checking defaults for T1/cmr/m/n on input line 57.
LaTeX Font Info:    ... okay on input line 57.
LaTeX Font Info:    Checking defaults for OT1/cmr/m/n on input line 57.
LaTeX Font Info:    ... okay on input line 57.
LaTeX Font Info:    Checking defaults for OMS/cmsy/m/n on input line 57.
LaTeX Font Info:    ... okay on input line 57.
LaTeX Font Info:    Checking defaults for TU/lmr/m/n on input line 57.
LaTeX Font Info:    ... okay on input line 57.
LaTeX Font Info:    Checking defaults for OMX/cmex/m/n on input line 57.
LaTeX Font Info:    ... okay on input line 57.
LaTeX Font Info:    Checking defaults for U/cmr/m/n on input line 57.
LaTeX Font Info:    ... okay on input line 57.
LaTeX Font Info:    Checking defaults for T3/cmr/m/n on input line 57.
LaTeX Font Info:    Try loading font information for T3+cmr on input line 57.

(/usr/share/texmf-dist/tex/latex/tipa/t3cmr.fd
File: t3cmr.fd 2001/12/31 TIPA font definitions
)
LaTeX Font Info:    ... okay on input line 57.
LaTeX Font Info:    Checking defaults for PD1/pdf/m/n on input line 57.
LaTeX Font Info:    ... okay on input line 57.
LaTeX Font Info:    Checking defaults for PU/pdf/m/n on input line 57.
LaTeX Font Info:    ... okay on input line 57.
.................................................
. fontspec info: "setup-math"
. 
. Adjusting the maths setup (use [no-math] to avoid this).
.................................................
\symlegacymaths=\mathgroup4
LaTeX Font Info:    Overwriting symbol font `legacymaths' in version `bold'
(Font)                  OT1/cmr/m/n --> OT1/cmr/bx/n on input line 57.
LaTeX Font Info:    Redeclaring math accent \acute on input line 57.
LaTeX Font Info:    Redeclaring math accent \grave on input line 57.
LaTeX Font Info:    Redeclaring math accent \ddot on input line 57.
LaTeX Font Info:    Redeclaring math accent \tilde on input line 57.
LaTeX Font Info:    Redeclaring math accent \bar on input line 57.
LaTeX Font Info:    Redeclaring math accent \breve on input line 57.
LaTeX Font Info:    Redeclaring math accent \check on input line 57.
LaTeX Font Info:    Redeclaring math accent \hat on input line 57.
LaTeX Font Info:    Redeclaring math accent \dot on input line 57.
LaTeX Font Info:    Redeclaring math accent \mathring on input line 57.
LaTeX Font Info:    Redeclaring math symbol \colon on input line 57.
LaTeX Font Info:    Redeclaring math symbol \Gamma on input line 57.
LaTeX Font Info:    Redeclaring math symbol \Delta on input line 57.
LaTeX Font Info:    Redeclaring math symbol \Theta on input line 57.
LaTeX Font Info:    Redeclaring math symbol \Lambda on input line 57.
LaTeX Font Info:    Redeclaring math symbol \Xi on input line 57.
LaTeX Font Info:    Redeclaring math symbol \Pi on input line 57.
LaTeX Font Info:    Redeclaring math symbol \Sigma on input line 57.
LaTeX Font Info:    Redeclaring math symbol \Upsilon on input line 57.
LaTeX Font Info:    Redeclaring math symbol \Phi on input line 57.
LaTeX Font Info:    Redeclaring math symbol \Psi on input line 57.
LaTeX Font Info:    Redeclaring math symbol \Omega on input line 57.
LaTeX Font Info:    Redeclaring math symbol \mathdollar on input line 57.
LaTeX Font Info:    Redeclaring symbol font `operators' on input line 57.
LaTeX Font Info:    Encoding `OT1' has changed to `TU' for symbol font
(Font)              `operators' in the math version `normal' on input line 57.
LaTeX Font Info:    Overwriting symbol font `operators' in version `normal'
(Font)                  OT1/cmr/m/n --> TU/Fontin(0)/m/n on input line 57.
LaTeX Font Info:    Encoding `OT1' has changed to `TU' for symbol font
(Font)              `operators' in the math version `bold' on input line 57.
LaTeX Font Info:    Overwriting symbol font `operators' in version `bold'
(Font)                  OT1/cmr/bx/n --> TU/Fontin(0)/m/n on input line 57.
LaTeX Font Info:    Overwriting symbol font `operators' in version `normal'
(Font)                  TU/Fontin(0)/m/n --> TU/Fontin(0)/m/n on input line 57.

LaTeX Font Info:    Overwriting math alphabet `\mathit' in version `normal'
(Font)                  OT1/cmr/m/it --> TU/Fontin(0)/m/it on input line 57.
LaTeX Font Info:    Overwriting math alphabet `\mathbf' in version `normal'
(Font)                  OT1/cmr/bx/n --> TU/Fontin(0)/bx/n on input line 57.
LaTeX Font Info:    Overwriting math alphabet `\mathsf' in version `normal'
(Font)                  OT1/cmss/m/n --> TU/lmss/m/n on input line 57.
LaTeX Font Info:    Overwriting math alphabet `\mathtt' in version `normal'
(Font)                  OT1/cmtt/m/n --> TU/lmtt/m/n on input line 57.
LaTeX Font Info:    Overwriting symbol font `operators' in version `bold'
(Font)                  TU/Fontin(0)/m/n --> TU/Fontin(0)/bx/n on input line 57
.
LaTeX Font Info:    Overwriting math alphabet `\mathit' in version `bold'
(Font)                  OT1/cmr/bx/it --> TU/Fontin(0)/bx/it on input line 57.
LaTeX Font Info:    Overwriting math alphabet `\mathsf' in version `bold'
(Font)                  OT1/cmss/bx/n --> TU/lmss/bx/n on input line 57.
LaTeX Font Info:    Overwriting math alphabet `\mathtt' in version `bold'
(Font)                  OT1/cmtt/m/n --> TU/lmtt/bx/n on input line 57.
\AtBeginShipoutBox=\box48
Package hyperref Info: Link coloring ON on input line 57.

(/usr/share/texmf-dist/tex/latex/hyperref/nameref.sty
Package: nameref 2016/05/21 v2.44 Cross-referencing by name of section

(/usr/share/texmf-dist/tex/generic/oberdiek/gettitlestring.sty
Package: gettitlestring 2016/05/16 v1.5 Cleanup title references (HO)
)
\c@section@level=\count193
)
LaTeX Info: Redefining \ref on input line 57.
LaTeX Info: Redefining \pageref on input line 57.
LaTeX Info: Redefining \nameref on input line 57.
 (./cv.out)
(./cv.out)
\@outlinefile=\write3
\openout3 = `cv.out'.

LaTeX Font Info:    External font `cmex10' loaded for size
(Font)              <7> on input line 71.
LaTeX Font Info:    External font `cmex10' loaded for size
(Font)              <5> on input line 71.
 (/usr/share/texmf-dist/tex/generic/oberdiek/se-ascii-print.def
File: se-ascii-print.def 2016/05/16 v1.11 stringenc: Printable ASCII characters

)
Package atveryend Info: Empty hook `BeforeClearDocument' on input line 153.

[1

]
Package atveryend Info: Empty hook `AfterLastShipout' on input line 153.
 (./cv.aux)
Package atveryend Info: Empty hook `AtVeryEndDocument' on input line 153.
Package atveryend Info: Empty hook `AtEndAfterFileList' on input line 153.
Package atveryend Info: Empty hook `AtVeryVeryEnd' on input line 153.
 ) 
Here is how much of TeX's memory you used:
 21582 strings out of 492998
 396808 string characters out of 6139961
 464162 words of memory out of 5000000
 25456 multiletter control sequences out of 15000+600000
 530792 words of font info for 43 fonts, out of 8000000 for 9000
 1348 hyphenation exceptions out of 8191
 35i,8n,66p,10380b,318s stack positions out of 5000i,500n,10000p,200000b,80000s

Output written on cv.pdf (1 page).
